<?xml version="1.0" encoding="UTF-8"?>
<!-- Generated by org.testng.reporters.JUnitXMLReporter -->
<testsuite hostname="cristophe-VirtualBox" ignored="0" name="Thread_0001" tests="3" failures="0" timestamp="12 abr 2019 16:53:50 GMT" time="32.974" errors="0">
  <testcase name="Caso_0001" time="11.157" classname="Pruebas.Regresion.Thread_0001"/>
  <testcase name="Caso_0002" time="8.773" classname="Pruebas.Regresion.Thread_0001"/>
  <testcase name="Caso_0003" time="8.638" classname="Pruebas.Regresion.Thread_0001"/>
</testsuite> <!-- Thread_0001 -->
