<?xml version="1.0" encoding="UTF-8"?>
<!-- Generated by org.testng.reporters.JUnitXMLReporter -->
<testsuite hostname="cristophe-VirtualBox" ignored="0" name="Thread_0003" tests="3" failures="0" timestamp="12 abr 2019 16:53:49 GMT" time="32.6" errors="0">
  <testcase name="Caso_0001" time="11.215" classname="Pruebas.Regresion.Thread_0003"/>
  <testcase name="Caso_0002" time="8.497" classname="Pruebas.Regresion.Thread_0003"/>
  <testcase name="Caso_0003" time="8.489" classname="Pruebas.Regresion.Thread_0003"/>
</testsuite> <!-- Thread_0003 -->
