<?xml version="1.0" encoding="UTF-8"?>
<!-- Generated by org.testng.reporters.JUnitXMLReporter -->
<testsuite hostname="DESKTOP-GK1P720" name="Default test(failed)" tests="4" failures="0" timestamp="4 Apr 2019 21:59:11 GMT" time="2.946" errors="0">
  <testcase name="@BeforeMethod beforeMethod" time="0.0" classname="Pruebas.Web.Regresion">
    <failure type="java.lang.IllegalArgumentException" message="src\test\java\Reportes\capturas does not exist">
      <![CDATA[java.lang.IllegalArgumentException: src\test\java\Reportes\capturas does not exist
	at org.apache.commons.io.FileUtils.cleanDirectory(FileUtils.java:1637)
	at Core.Operaciones.Reporteria.IniciarReporte(Reporteria.java:35)
	at Core.Operaciones.TestngCore.beforeMethod(TestngCore.java:24)
... Removed 26 stack frames]]>
    </failure>
  </testcase> <!-- @BeforeMethod beforeMethod -->
  <testcase name="@AfterMethod afterMethod" time="0.0" classname="Pruebas.Web.Regresion">
    <skipped/>
  </testcase> <!-- @AfterMethod afterMethod -->
  <testcase name="@BeforeMethod beforeMethod" time="0.0" classname="Pruebas.Web.Regresion">
    <skipped/>
  </testcase> <!-- @BeforeMethod beforeMethod -->
  <testcase name="@AfterMethod afterMethod" time="0.0" classname="Pruebas.Web.Regresion">
    <skipped/>
  </testcase> <!-- @AfterMethod afterMethod -->
  <testcase name="@BeforeMethod beforeMethod" time="0.0" classname="Pruebas.Web.Regresion">
    <skipped/>
  </testcase> <!-- @BeforeMethod beforeMethod -->
  <testcase name="@AfterMethod afterMethod" time="0.0" classname="Pruebas.Web.Regresion">
    <skipped/>
  </testcase> <!-- @AfterMethod afterMethod -->
  <testcase name="@BeforeMethod beforeMethod" time="0.0" classname="Pruebas.Web.Regresion">
    <skipped/>
  </testcase> <!-- @BeforeMethod beforeMethod -->
  <testcase name="@AfterMethod afterMethod" time="0.0" classname="Pruebas.Web.Regresion">
    <skipped/>
  </testcase> <!-- @AfterMethod afterMethod -->
  <testcase name="@AfterClass afterClass" time="0.0" classname="Pruebas.Web.Regresion">
    <skipped/>
  </testcase> <!-- @AfterClass afterClass -->
  <testcase name="@AfterTest afterTest" time="0.0" classname="Pruebas.Web.Regresion">
    <skipped/>
  </testcase> <!-- @AfterTest afterTest -->
  <testcase name="Caso_0002" time="0.001" classname="Pruebas.Web.Regresion">
    <skipped/>
  </testcase> <!-- Caso_0002 -->
  <testcase name="Caso_0004" time="0.001" classname="Pruebas.Web.Regresion">
    <skipped/>
  </testcase> <!-- Caso_0004 -->
  <testcase name="Caso_0001" time="0.001" classname="Pruebas.Web.Regresion">
    <skipped/>
  </testcase> <!-- Caso_0001 -->
  <testcase name="Caso_0003" time="0.001" classname="Pruebas.Web.Regresion">
    <skipped/>
  </testcase> <!-- Caso_0003 -->
</testsuite> <!-- Default test(failed) -->
